react_devtools_backend.js:4061 Warning: componentWillReceiveProps has been renamed, and is not recommended for use. See https://reactjs.org/link/unsafe-component-lifecycles for details.

* Move data fetching code or side effects to componentDidUpdate.
* If you're updating state whenever props change, refactor your code to use memoization techniques or move it to static getDerivedStateFromProps. Learn more at: https://reactjs.org/link/derived-state
* Rename componentWillReceiveProps to UNSAFE_componentWillReceiveProps to suppress this warning in non-strict mode. In React 18.x, only the UNSAFE_ name will work. To rename all deprecated lifecycles to their new names, you can run `npx react-codemod rename-unsafe-lifecycles` in your project source folder.

Please update the following components: AddProject
overrideMethod @ react_devtools_backend.js:4061
printWarning @ react-dom.development.js:67
warn @ react-dom.development.js:34
ReactStrictModeWarnings.flushPendingUnsafeLifecycleWarnings @ react-dom.development.js:11530
flushRenderPhaseStrictModeWarningsInDEV @ react-dom.development.js:23822
commitRootImpl @ react-dom.development.js:23005
unstable_runWithPriority @ scheduler.development.js:468
runWithPriority$1 @ react-dom.development.js:11276
commitRoot @ react-dom.development.js:22990
performSyncWorkOnRoot @ react-dom.development.js:22329
(anonymous) @ react-dom.development.js:11327
unstable_runWithPriority @ scheduler.development.js:468
runWithPriority$1 @ react-dom.development.js:11276
flushSyncCallbackQueueImpl @ react-dom.development.js:11322
flushSyncCallbackQueue @ react-dom.development.js:11309
discreteUpdates$1 @ react-dom.development.js:22420
discreteUpdates @ react-dom.development.js:3756
dispatchDiscreteEvent @ react-dom.development.js:5889
xhr.js:210 POST http://localhost:8080/api/project 400
dispatchXhrRequest @ xhr.js:210
xhrAdapter @ xhr.js:15
dispatchRequest @ dispatchRequest.js:58
request @ Axios.js:112
Axios.<computed> @ Axios.js:147
wrap @ bind.js:9
(anonymous) @ ProjectActions.js:6
(anonymous) @ index.js:16
boundActionCreators.<computed> @ bindActionCreators.js:9
onSubmit @ AddProject.js:44
callCallback @ react-dom.development.js:3945
invokeGuardedCallbackDev @ react-dom.development.js:3994
invokeGuardedCallback @ react-dom.development.js:4056
invokeGuardedCallbackAndCatchFirstError @ react-dom.development.js:4070
executeDispatch @ react-dom.development.js:8243
processDispatchQueueItemsInOrder @ react-dom.development.js:8275
processDispatchQueue @ react-dom.development.js:8288
dispatchEventsForPlugins @ react-dom.development.js:8299
(anonymous) @ react-dom.development.js:8508
batchedEventUpdates$1 @ react-dom.development.js:22396
batchedEventUpdates @ react-dom.development.js:3745
dispatchEventForPluginEventSystem @ react-dom.development.js:8507
attemptToDispatchEvent @ react-dom.development.js:6005
dispatchEvent @ react-dom.development.js:5924
unstable_runWithPriority @ scheduler.development.js:468
runWithPriority$1 @ react-dom.development.js:11276
discreteUpdates$1 @ react-dom.development.js:22413
discreteUpdates @ react-dom.development.js:3756
dispatchDiscreteEvent @ react-dom.development.js:5889
ProjectActions.js:11 Uncaught (in promise) TypeError: Cannot read properties of undefined (reading 'data')
    at ProjectActions.js:11:1
(anonymous) @ ProjectActions.js:11
await in (anonymous) (async)
(anonymous) @ index.js:16
boundActionCreators.<computed> @ bindActionCreators.js:9
onSubmit @ AddProject.js:44
callCallback @ react-dom.development.js:3945
invokeGuardedCallbackDev @ react-dom.development.js:3994
invokeGuardedCallback @ react-dom.development.js:4056
invokeGuardedCallbackAndCatchFirstError @ react-dom.development.js:4070
executeDispatch @ react-dom.development.js:8243
processDispatchQueueItemsInOrder @ react-dom.development.js:8275
processDispatchQueue @ react-dom.development.js:8288
dispatchEventsForPlugins @ react-dom.development.js:8299
(anonymous) @ react-dom.development.js:8508
batchedEventUpdates$1 @ react-dom.development.js:22396
batchedEventUpdates @ react-dom.development.js:3745
dispatchEventForPluginEventSystem @ react-dom.development.js:8507
attemptToDispatchEvent @ react-dom.development.js:6005
dispatchEvent @ react-dom.development.js:5924
unstable_runWithPriority @ scheduler.development.js:468
runWithPriority$1 @ react-dom.development.js:11276
discreteUpdates$1 @ react-dom.development.js:22413
discreteUpdates @ react-dom.development.js:3756
dispatchDiscreteEvent @ react-dom.development.js:5889
